
ROM used:   765/8192 (9%)
            765/8192 (9%) including unused fragments

            0.6 Average locations per line
            3.0 Average locations per statement

RAM used:   21/368 (6%) at main() level
            23/368 (6%) worst case

Stack used: 2 worst case (2 in main + 0 for interrupts)
Stack size: 8

Lines Stmts  %   Files
----- ----- ---  -----
   82    37  15  rx_code.c
  671     0   0  C:\Program Files\PICC\Devices\16F877A.h
  604   215  85  lib_rf2gh4_10.h
----- -----
 1357   252 Total

Page ROM  %  RAM   Vol Diff  Functions:
---- --- --- ---   --- ----  ----------
0     21   3    1             @delay_ms1
0     30   4    0   143  2.2  RF_CONFIG_SPI
0     14   2    0    98  1.7  RF_INT_EN
0    499  65    2  2193  2.0  RF_CONFIG
0     51   7    0   149  1.3  RF_ON
0    146  19    0   687  3.4  MAIN
 Inline         0             @cinit1

Program metrics:
    Functions               5
    Statements              252
    Comments                349
    Volume (V)              4116
    Difficulty (D)          11.0
    Effort to implement (E) 45316
    Time to implement (T)   42 minutes
    Est Delivered Bugs (B)  0
    Cyclomatic Complexity   1
    Maintainability (MI)    91

 Segment     Used  Free
-----------  ----  ----
00000-00003     4  0  
00004-007FF   761  1283  
00800-00FFF     0  2048  
01000-017FF     0  2048  
01800-01FFF     0  2048  



