
ROM used: 186 (2%)
          186 (2%) including unused fragments

          0 Average locations per line
          7 Average locations per statement

RAM used: 11 (3%) at main() level
          12 (3%) worst case

Stack used: 1 worst case (out of 8 total available)

Lines Stmts  %   Files
----- ----- ---  -----
   77    25 100  main.c
  330     0   0  C:\Program Files (x86)\PICC\devices\16f877A.h
----- -----
  407    25 Total

Page ROM  %  RAM   Vol Diff  Functions:
---- --- --- ---   --- ----  ----------
0     21  11   1             @delay_ms1
0    161  87   0   629  2.9  main

Program metrics:
    Functions               1
    Statements              25
    Comments                113
    Volume (V)              632
    Difficilty (D)          2.8
    Effort to implement (E) 1791
    Time to implement (T)   2 minutes
    Est Delivered Bugs (B)  0
    Cyclomatic Complexity   1
    Maintainability (MI)    51

 Segment     Used  Free
-----------  ----  ----
00000-00003     4  0  
00004-007FF   182  1862  
00800-00FFF     0  2048  
01000-017FF     0  2048  
01800-01FFF     0  2048  



