
ROM used:   1279/8192 (16%)
            1279/8192 (16%) including unused fragments

            0.9 Average locations per line
            5.0 Average locations per statement

RAM used:   22/368 (6%) at main() level
            26/368 (7%) worst case

Stack used: 2 worst case (2 in main + 0 for interrupts)
Stack size: 8

Lines Stmts  %   Files
----- ----- ---  -----
  107    42  16  tx_code.c
  671     0   0  C:\Program Files\PICC\Devices\16F877A.h
  604   215  84  lib_rf2gh4_10.h
----- -----
 1382   257 Total

Page ROM  %  RAM   Vol Diff  Functions:
---- --- --- ---   --- ----  ----------
0     21   2    1             @delay_ms1
0     30   2    0   143  2.2  RF_CONFIG_SPI
0     14   1    0    98  1.7  RF_INT_EN
0    499  39    2  2193  2.0  RF_CONFIG
0     51   4    0   149  1.3  RF_ON
0    518  41    4  3092  8.0  RF_SEND
0    142  11    0   906  4.8  MAIN
 Inline         0             @cinit1

Program metrics:
    Functions               6
    Statements              257
    Comments                365
    Volume (V)              8413
    Difficulty (D)          20.4
    Effort to implement (E) 172033
    Time to implement (T)   2 hours, 39 minutes
    Est Delivered Bugs (B)  1
    Cyclomatic Complexity   10
    Maintainability (MI)    49

 Segment     Used  Free
-----------  ----  ----
00000-00003     4  0  
00004-007FF  1275  769  
00800-00FFF     0  2048  
01000-017FF     0  2048  
01800-01FFF     0  2048  



